<?xml version="1.0" encoding="UTF-8"?>
<testng-results ignored="0" total="8" passed="8" failed="0" skipped="0">
  <reporter-output>
  </reporter-output>
  <suite started-at="2024-04-28T03:49:53Z" name="Suite" finished-at="2024-04-28T03:49:57Z" duration-ms="4691">
    <groups>
    </groups>
    <test started-at="2024-04-28T03:49:53Z" name="Test" finished-at="2024-04-28T03:49:57Z" duration-ms="4691">
      <class name="org.testing.testScripts.TC2_GetallRequest">
        <test-method signature="testcase2()[pri:0, instance:org.testing.testScripts.TC2_GetallRequest@5524cca1]" started-at="2024-04-28T09:19:54Z" name="testcase2" finished-at="2024-04-28T09:19:55Z" duration-ms="146" status="PASS">
          <reporter-output>
          </reporter-output>
        </test-method> <!-- testcase2 -->
      </class> <!-- org.testing.testScripts.TC2_GetallRequest -->
      <class name="org.testing.testScripts.TC6_getAllEmployees">
        <test-method signature="testcase6()[pri:0, instance:org.testing.testScripts.TC6_getAllEmployees@4681c175]" started-at="2024-04-28T09:19:55Z" name="testcase6" finished-at="2024-04-28T09:19:56Z" duration-ms="858" status="PASS">
          <reporter-output>
          </reporter-output>
        </test-method> <!-- testcase6 -->
      </class> <!-- org.testing.testScripts.TC6_getAllEmployees -->
      <class name="org.testing.testScripts.TC8_PostRealCreate">
        <test-method signature="testcase8()[pri:0, instance:org.testing.testScripts.TC8_PostRealCreate@402c4085]" started-at="2024-04-28T09:19:56Z" name="testcase8" finished-at="2024-04-28T09:19:57Z" duration-ms="763" status="PASS">
          <reporter-output>
          </reporter-output>
        </test-method> <!-- testcase8 -->
      </class> <!-- org.testing.testScripts.TC8_PostRealCreate -->
      <class name="org.testing.testScripts.TC5_deleteRequest">
        <test-method signature="testcase5()[pri:0, instance:org.testing.testScripts.TC5_deleteRequest@353352b6]" started-at="2024-04-28T09:19:55Z" name="testcase5" finished-at="2024-04-28T09:19:55Z" duration-ms="46" status="PASS">
          <reporter-output>
          </reporter-output>
        </test-method> <!-- testcase5 -->
      </class> <!-- org.testing.testScripts.TC5_deleteRequest -->
      <class name="org.testing.testScripts.TC1_PostRequest">
        <test-method signature="testcase1()[pri:0, instance:org.testing.testScripts.TC1_PostRequest@16eb3ea3]" started-at="2024-04-28T09:19:53Z" name="testcase1" finished-at="2024-04-28T09:19:54Z" duration-ms="1909" status="PASS">
          <reporter-output>
          </reporter-output>
        </test-method> <!-- testcase1 -->
      </class> <!-- org.testing.testScripts.TC1_PostRequest -->
      <class name="org.testing.testScripts.TC4_PutRequest">
        <test-method signature="testcase4()[pri:0, instance:org.testing.testScripts.TC4_PutRequest@48bb62]" started-at="2024-04-28T09:19:55Z" name="testcase4" finished-at="2024-04-28T09:19:55Z" duration-ms="44" status="PASS">
          <reporter-output>
          </reporter-output>
        </test-method> <!-- testcase4 -->
      </class> <!-- org.testing.testScripts.TC4_PutRequest -->
      <class name="org.testing.testScripts.TC7_getParticularProduct">
        <test-method signature="testcase7()[pri:0, instance:org.testing.testScripts.TC7_getParticularProduct@57a78e3]" started-at="2024-04-28T09:19:56Z" name="testcase7" finished-at="2024-04-28T09:19:56Z" duration-ms="859" status="PASS">
          <reporter-output>
          </reporter-output>
        </test-method> <!-- testcase7 -->
      </class> <!-- org.testing.testScripts.TC7_getParticularProduct -->
      <class name="org.testing.testScripts.TC3_getParticularRequest">
        <test-method signature="testcase3()[pri:0, instance:org.testing.testScripts.TC3_getParticularRequest@5032714f]" started-at="2024-04-28T09:19:55Z" name="testcase3" finished-at="2024-04-28T09:19:55Z" duration-ms="40" status="PASS">
          <reporter-output>
          </reporter-output>
        </test-method> <!-- testcase3 -->
      </class> <!-- org.testing.testScripts.TC3_getParticularRequest -->
    </test> <!-- Test -->
  </suite> <!-- Suite -->
</testng-results>
