<?xml version="1.0" encoding="UTF-8"?>
<!-- Generated by org.testng.reporters.JUnitXMLReporter -->
<testsuite ignored="0" hostname="RISHI-LENOVO" failures="0" tests="8" name="Test" time="4.691" errors="0" timestamp="28 Apr 2024 03:49:57 GMT">
  <testcase classname="org.testing.testScripts.TC1_PostRequest" name="testcase1" time="1.909"/>
  <testcase classname="org.testing.testScripts.TC2_GetallRequest" name="testcase2" time="0.146"/>
  <testcase classname="org.testing.testScripts.TC3_getParticularRequest" name="testcase3" time="0.04"/>
  <testcase classname="org.testing.testScripts.TC4_PutRequest" name="testcase4" time="0.044"/>
  <testcase classname="org.testing.testScripts.TC5_deleteRequest" name="testcase5" time="0.046"/>
  <testcase classname="org.testing.testScripts.TC6_getAllEmployees" name="testcase6" time="0.858"/>
  <testcase classname="org.testing.testScripts.TC7_getParticularProduct" name="testcase7" time="0.859"/>
  <testcase classname="org.testing.testScripts.TC8_PostRealCreate" name="testcase8" time="0.763"/>
</testsuite> <!-- Test -->
